Arguments: 
  /usr/local/Cellar/node/10.10.0/bin/node /usr/local/bin/yarn

PATH: 
  /usr/local/bin:/usr/bin:/bin:/usr/sbin:/sbin:/usr/local/go/bin:/usr/local/mysql/bin:/Users/tiva/Workspace/flutter/bin:/usr/local/bin:/usr/bin:/bin:/usr/sbin:/sbin:/usr/local/go/bin:/usr/local/mysql/bin

Yarn version: 
  1.15.2

Node version: 
  10.10.0

Platform: 
  darwin x64

Trace: 
  Error: http://maven.gotokeep.com/nexus/repository/npm/uuid/-/uuid-3.3.2.tgz: Request failed "401 Unauthorized"
      at ResponseError.ExtendableBuiltin (/usr/local/lib/node_modules/yarn/lib/cli.js:696:66)
      at new ResponseError (/usr/local/lib/node_modules/yarn/lib/cli.js:802:124)
      at Request.<anonymous> (/usr/local/lib/node_modules/yarn/lib/cli.js:66128:16)
      at Request.emit (events.js:182:13)
      at Request.module.exports.Request.onRequestResponse (/usr/local/lib/node_modules/yarn/lib/cli.js:130418:10)
      at ClientRequest.emit (events.js:187:15)
      at HTTPParser.parserOnIncomingClient (_http_client.js:555:21)
      at HTTPParser.parserOnHeadersComplete (_http_common.js:109:17)
      at Socket.socketOnData (_http_client.js:441:20)
      at Socket.emit (events.js:182:13)

npm manifest: 
  {
    "name": "bell-ui",
    "version": "0.1.5",
    "description": "bell ui",
    "entry": "index.js",
    "scripts": {
      "start": "node_modules/.bin/rollup -c ./build/config.dev.js",
      "dev": "lessc src/styles/index.less > dist/bells.css",
      "style": "stylus -w src/css/index.styl -o dist/bell.css"
    },
    "edp": {
      "wwwroot": "/",
      "depDir": "dep",
      "srcDir": "src",
      "loaderAutoConfig": "js,htm,html,tpl,vm,phtml",
      "loaderUrl": "http://s1.bdstatic.com/r/www/cache/ecom/esl/1-8-2/esl.js",
      "dependencies": {}
    },
    "dependencies": {
      "3000": "^6.9.5",
      "autoprefixer-stylus": "^0.14.0",
      "bell-docsify": "^1.0.0",
      "less": "^3.0.4",
      "publish": "^0.6.0",
      "styl": "^0.2.9",
      "stylus": "^0.54.5"
    },
    "author": "",
    "repository": {
      "type": "git",
      "url": "git+https://github.com:divawth/bell-ui.git"
    },
    "license": "BSD",
    "readme": "README",
    "devDependencies": {
      "rollup": "^1.10.1",
      "rollup-plugin-buble": "^0.19.6",
      "rollup-plugin-filesize": "^6.0.1",
      "rollup-plugin-replace": "^2.2.0",
      "rollup-plugin-serve": "^1.0.1",
      "rollup-plugin-terser": "^4.0.4",
      "rollup-plugin-typescript": "^1.0.1",
      "tslib": "^1.9.3",
      "typescript": "^3.4.4",
      "css-loader": "^0.28.7",
      "rollup-plugin-string": "^3.0.0",
      "style-loader": "^0.19.0"
    }
  }

yarn manifest: 
  No manifest

Lockfile: 
  No lockfile
